[0.568s] Invoking command in '/home/twip_ws/build/sim_ros2_interface': CMAKE_PREFIX_PATH=${CMAKE_PREFIX_PATH}:/home/twip_ws/install/driver_imu:/home/twip_ws/install/controllers:/opt/ros/humble PS1=\[\e]0;\u@\h: \w\a\]\[\033[01;37m\]\u\[\033[00m\]@\[\033[01;32m\]\h\[\033[00m\]:\[\033[01;34m\]\w\[\033[00m\] /usr/bin/cmake --build /home/twip_ws/build/sim_ros2_interface -- -j8 -l8
[0.644s] [  2%] [34m[1mGenerating generated/actcli_del.cpp[0m
[0.646s] [  4%] [34m[1mGenerating generated/actcli_cancelLastGoal.cpp[0m
[0.652s] [  7%] [34m[1mGenerating generated/actcli_new.cpp[0m
[0.657s] [  9%] [34m[1mGenerating generated/actcli_sendGoal.cpp[0m
[0.658s] [ 14%] [34m[1mGenerating generated/actsrv_action_abort.cpp[0m
[0.658s] [ 14%] [34m[1mGenerating generated/actsrv_action_canceled.cpp[0m
[0.671s] [ 17%] [34m[1mGenerating generated/actsrv_action_execute.cpp[0m
[0.778s] [ 19%] [34m[1mGenerating generated/actsrv_action_is_active.cpp[0m
[1.215s] [ 21%] [34m[1mGenerating generated/actsrv_action_is_canceling.cpp[0m
[1.252s] [ 24%] [34m[1mGenerating generated/actsrv_action_is_executing.cpp[0m
[1.337s] [ 26%] [34m[1mGenerating generated/actsrv_action_publish_feedback.cpp[0m
[1.367s] [ 29%] [34m[1mGenerating generated/actsrv_del.cpp[0m
[1.370s] [ 31%] [34m[1mGenerating generated/actsrv_action_succeed.cpp[0m
[1.401s] [ 34%] [34m[1mGenerating generated/callbacks.cpp[0m
[1.401s] [ 36%] [34m[1mGenerating generated/actsrv_new.cpp[0m
[1.402s] [ 39%] [34m[1mGenerating generated/callbacks.h[0m
[1.752s] [ 41%] [34m[1mGenerating generated/cli_call.cpp[0m
[1.955s] [ 43%] [34m[1mGenerating generated/cli_del.cpp[0m
[1.969s] [ 46%] [34m[1mGenerating generated/cli_new.cpp[0m
[2.081s] [ 48%] [34m[1mGenerating generated/cli_wait.cpp[0m
[2.089s] [ 51%] [34m[1mGenerating generated/if_const.cpp[0m
[2.121s] [ 53%] [34m[1mGenerating generated/if_list.cpp[0m
[2.122s] [ 56%] [34m[1mGenerating generated/if_new.cpp[0m
[2.135s] [ 58%] [34m[1mGenerating generated/pub_del.cpp[0m
[2.239s] [ 60%] [34m[1mGenerating generated/pub_new.cpp[0m
[2.590s] [ 63%] [34m[1mGenerating generated/pub_publish.cpp[0m
[2.611s] [ 65%] [34m[1mGenerating generated/srv_new.cpp[0m
[2.624s] [ 68%] [34m[1mGenerating generated/srv_del.cpp[0m
[2.721s] [ 70%] [34m[1mGenerating generated/sub_del.cpp[0m
[2.727s] [ 73%] [34m[1mGenerating generated/sub_new.cpp[0m
[3.148s] [ 73%] Built target generate_ros_code
[3.217s] [ 75%] [32mBuilding CXX object CMakeFiles/simExtROS2.dir/src/sim_ros2_interface.cpp.o[0m
[3.218s] [ 78%] [32mBuilding CXX object CMakeFiles/simExtROS2.dir/generated/callbacks.cpp.o[0m
[8.341s] [01m[K/home/twip_ws/build/sim_ros2_interface/generated/callbacks.cpp:[m[K In function â€˜[01m[Kvoid write__std_msgs__msg__Float64MultiArray(const Float64MultiArray&, int, const ROS2WriteOptions*)[m[Kâ€™:
[8.341s] [01m[K/home/twip_ws/build/sim_ros2_interface/generated/callbacks.cpp:2739:13:[m[K [01;31m[Kerror: [m[Kâ€˜[01m[Kwrite__std_msgs__msg__MultiArrayLayout[m[Kâ€™ was not declared in this scope; did you mean â€˜[01m[KDEPRECATED__std_msgs__msg__MultiArrayLayout[m[Kâ€™?
[8.342s]  2739 |             [01;31m[Kwrite__std_msgs__msg__MultiArrayLayout[m[K(msg.layout, stack, opt);
[8.342s]       |             [01;31m[K^~~~~~~~~~~~~~~~~~~~~~~~~~~~~~~~~~~~~~[m[K
[8.342s]       |             [32m[KDEPRECATED__std_msgs__msg__MultiArrayLayout[m[K
[8.391s] [01m[K/home/twip_ws/build/sim_ros2_interface/generated/callbacks.cpp:[m[K In function â€˜[01m[Kvoid read__std_msgs__msg__Float64MultiArray(int, std_msgs::msg::Float64MultiArray*, const ROS2ReadOptions*)[m[Kâ€™:
[8.391s] [01m[K/home/twip_ws/build/sim_ros2_interface/generated/callbacks.cpp:2800:25:[m[K [01;31m[Kerror: [m[Kâ€˜[01m[Kread__std_msgs__msg__MultiArrayLayout[m[Kâ€™ was not declared in this scope; did you mean â€˜[01m[KDEPRECATED__std_msgs__msg__MultiArrayLayout[m[Kâ€™?
[8.391s]  2800 |                         [01;31m[Kread__std_msgs__msg__MultiArrayLayout[m[K(stack, &(msg->layout), opt);
[8.391s]       |                         [01;31m[K^~~~~~~~~~~~~~~~~~~~~~~~~~~~~~~~~~~~~[m[K
[8.391s]       |                         [32m[KDEPRECATED__std_msgs__msg__MultiArrayLayout[m[K
[9.376s] gmake[2]: *** [CMakeFiles/simExtROS2.dir/build.make:227: CMakeFiles/simExtROS2.dir/generated/callbacks.cpp.o] Error 1
[9.376s] gmake[2]: *** Waiting for unfinished jobs....
[147.073s] gmake[1]: *** [CMakeFiles/Makefile2:164: CMakeFiles/simExtROS2.dir/all] Error 2
[147.073s] gmake: *** [Makefile:146: all] Error 2
[147.076s] Invoked command in '/home/twip_ws/build/sim_ros2_interface' returned '2': CMAKE_PREFIX_PATH=${CMAKE_PREFIX_PATH}:/home/twip_ws/install/driver_imu:/home/twip_ws/install/controllers:/opt/ros/humble PS1=\[\e]0;\u@\h: \w\a\]\[\033[01;37m\]\u\[\033[00m\]@\[\033[01;32m\]\h\[\033[00m\]:\[\033[01;34m\]\w\[\033[00m\] /usr/bin/cmake --build /home/twip_ws/build/sim_ros2_interface -- -j8 -l8
